ERROR: Too many operands
3 3842
3 3842
0 0 0 0 0 0 0 0 
0
ERROR: Unknown instruction
ERROR: Address out of bound
0 3786
3 3842
ERROR: Unknown instruction
0
0 0 680 3842 0 0 9557 0 
4 0
7 3368
0 2102
3842
7 9939
3 3842
4 0
3842
ERROR: Address out of bound
5608
9939
7 9939
3 9301
5 6803
ERROR: Address out of bound
9301
9557
ERROR: Unknown instruction
328
ERROR: Unknown instruction
ERROR: Unknown instruction
6803
ERROR: Unknown instruction
4392
ERROR: Unknown instruction
1477
9557
6 9557
0 1477
4 4350
9301
1477 0 670 9301 1013 4392 9557 6815 
6 7058
3 9301
4 3136
9301
0
1 0
0 7271
3 9301
1477 0 670 9301 3136 4392 7058 6815 
3136
7271 0 670 9301 3136 4392 7058 6815 
3136
4 3136
2 6960
1 2623
3136
2 7447
4 3136
1 2623
9301
7271 2623 670 9301 3136 4392 7058 6815 
7058
7194
7271 2623 7447 9301 3136 4392 7058 6815 
6 7194
4 9401
3 9301
9401
7271 2623 7447 9301 3136 4392 7058 6815 
7271 2623 7447 9301 3136 4392 7194 6815 
3 6126
5 2659
0 1043
1043 2623 3306 6126 9401 4392 7194 6815 
ERROR: Unknown instruction
8494
4462
6126
7 3668
3 6126
5 4462
4462
3668
7194
4248
4248 2623 8494 6126 9401 4462 7194 6815 
4248 2623 8494 6126 9401 4462 7194 6815 
4248 2623 8494 6126 9401 4462 7194 6815 
ERROR: Address out of bound
ERROR: Unknown instruction
5 6376
1 9140
0 8305
8494
9140
ERROR: Unknown instruction
ERROR: Unknown instruction
9401
4691
8610
9401
8610
8305 2623 8494 6126 9401 6376 7194 6385 
8305 2623 8494 6126 9401 6376 7194 6385 
4072
4072
8494
ERROR: Unknown instruction
6376
8494
8305 9140 8494 6126 9401 6376 5301 8610 
5301
6 5301
7 7848
2 8494
6 5301
7 7848
2 8494
8305 9140 8494 6126 9401 6376 5301 8610 
8305
ERROR: Too many operands
6376
7848
6126
3 6126
7 7848
5 3094
9140
6126
ERROR: Unknown instruction
7848
ERROR: Unknown instruction
7848
7 7848
2 3814
3 6126
659
6126
8305 9140 3814 6126 9401 3094 5301 7848 
3814
8305 9140 3814 6126 9401 3094 5301 7848 
4 5868
2 3814
3 6126
7848
7 7848
4 3477
2 3814
3477
4077
6 5295
2 4077
4 3477
9140
4077
5295
5295
9140
ERROR: Unknown instruction
1 9140
0 4525
5 1528
4525
4525
8305 9140 4077 6126 3477 1528 5295 7848 
4525
1528
1528
1528
7848
7 7848
5 1528
0 2198
8305 9140 4077 6126 2394 1528 5295 7848 
ERROR: Address out of bound
7123
0 7123
7 7848
5 1528
4077
2 4077
0 7123
7 7848
1528
ERROR: Address out of bound
ERROR: Unknown instruction
5820
7123
1528
6330
7123 9140 5820 6126 2394 1528 5295 6330 
1 7522
3 8809
7 6330
7123 9140 5820 6126 2394 1528 5295 6330 
4694
2394
1528
1 7702
5 1528
4 2394
1 7702
5 1528
4 2394
2394
2394
8346
7702
1 7702
6 8346
4 2394
4694
7 4694
1 7702
6 8346
2394
5565
5089
ERROR: Unknown instruction
5089
ERROR: Unknown instruction
ERROR: Address out of bound
2394
5089
4057
5565 5764 5820 8809 2394 1528 8346 4694 
4183
4694
8541
ERROR: Unknown instruction
1528
8541
4694
1796
4183
5565 6450 5820 4183 2394 1528 8541 4694 
5565 6450 5820 4183 2394 1528 8541 4694 
1131
4183
6893
2394
4183
8008
ERROR: Address out of bound
6893 9987 8008 4183 2394 1986 996 4694 
2394
ERROR: Unknown instruction
2 670
4 2394
3 4183
2 670
4 2394
3 4183
670
6893
6893
4694
6893
ERROR: Unknown instruction
ERROR: Unknown instruction
4183
670
4694
6893
670
1986
1 9660
5 1986
2 670
ERROR: Unknown instruction
ERROR: Unknown instruction
6893 2221 670 4183 4250 1986 3184 4694 
4183
9660
9134
670
ERROR: Unknown instruction
7760
0 6220
7 7760
2 670
6220
ERROR: Address out of bound
3693
7768
7768
5896
3184
6 3184
0 5896
5 7768
6893 9660 670 4183 3693 7768 3184 7760 
3484
ERROR: Unknown instruction
2 3332
4 3484
6 3184
ERROR: Unknown instruction
5896 9660 670 4183 3693 7768 3184 7760 
5896 9660 670 4183 3693 7768 3184 7760 
2 893
4 2483
6 3184
ERROR: Unknown instruction
893
7760
5273
893
9660
7768
8561
7760
8561
ERROR: Too many operands
8561 3981 2838 4183 5273 7768 3184 7760 
7878
7878
8561 3981 2838 4183 5273 7768 3184 7760 
6175
5 6175
3 7737
0 8561
0 15
4 2949
1 6696
8561 3981 2838 7737 5273 6175 1552 7760 
6175
ERROR: Unknown instruction
6696
2949
2838
15 6696 2838 7737 2949 6175 1552 7760 
ERROR: Unknown instruction
15 6696 2838 7737 4464 6175 1552 7760 
15 6696 2838 7737 4464 6175 1552 7760 
6696
ERROR: Unknown instruction
ERROR: Unknown instruction
2591
4464
1153
3778
ERROR: Unknown instruction
6696
3778
15 6696 8957 4582 4464 6175 2591 1153 
ERROR: Unknown instruction
ERROR: Unknown instruction
4772
1153
ERROR: Unknown instruction
4464
ERROR: Unknown instruction
4464
7797
6006
6006
6006
504
2 504
4 6006
7 7797
6006
1 2979
0 2250
4 6006
ERROR: Unknown instruction
2250
2979
15 7587 504 4582 4464 6175 6423 7797 
4582
6423
2250
2250 2979 504 4582 6006 6175 6423 7797 
ERROR: Unknown instruction
4582
2250 2979 504 4582 6006 6175 6423 7797 
ERROR: Unknown instruction
ERROR: Unknown instruction
1 7347
6 2403
3 4582
2403
7797
2250
4582
3 4582
7 3173
0 2250
4582
9049
1 9049
3 4582
6 1747
4582
6006
4 825
5 1002
3 4582
2250 9049 504 4582 6006 6175 1747 3173 
825
4 825
5 1002
3 4582
2250 9049 504 4582 6006 6175 1747 3173 
9049
1747
6 3888
1 9049
5 2985
ERROR: Address out of bound
ERROR: Unknown instruction
6 3888
1 9049
5 2985
6 3888
1 9049
5 2985
9049
2250 9049 504 4582 825 6175 1747 3173 
4582
3 4582
5 6462
1 9049
9049
1 9049
3 4582
5 6462
2250 9049 504 4582 825 6175 3888 3173 
2250 9049 504 4582 825 6175 3888 3173 
3173
3888
ERROR: Unknown instruction
ERROR: Address out of bound
ERROR: Address out of bound
ERROR: Unknown instruction
9049
1 9049
6 3888
7 3173
3888
9049
2250
2250 9049 504 8583 825 6462 3888 508 
9049
576
ERROR: Too many operands
ERROR: Too many operands
ERROR: Unknown instruction
825
2250 9049 504 8583 825 6462 3888 508 
3888
5283
9049
1 9049
4 2564
5 1605
508
ERROR: Unknown instruction
ERROR: Unknown instruction
1 4975
7 508
4 2564
2426 9049 9068 8583 5283 1605 3888 508 
ERROR: Too many operands
3888
2426
ERROR: Unknown instruction
3 9383
7 1104
0 2426
ERROR: Unknown instruction
2564
9383
1673
1673
2426 4975 9068 9383 2564 1605 3888 508 
1673
9383
9068
4975
5595
2978
1605
ERROR: Unknown instruction
3562
8526
2978
1673
9383
ERROR: Address out of bound
1673
5595 3562 9068 9383 1673 1605 8526 2978 
2978
9035
ERROR: Unknown instruction
ERROR: Address out of bound
9035 1583 7975 9383 1673 1605 8526 3568 
ERROR: Too many operands
ERROR: Unknown instruction
1583
ERROR: Unknown instruction
1583
1583
9035 1583 4044 8700 9324 1605 6307 2418 
1 1583
2 2072
5 7963
2418
9035 1583 4044 8700 9324 7963 6307 2418 
9324
9035 1583 2072 8700 9324 7963 6307 2418 
1583
ERROR: Unknown instruction
9035 1583 2072 8700 9324 7963 6307 2418 
1 1583
5 6570
4 9324
1 1583
5 6570
4 9324
ERROR: Address out of bound
2418
7066
1583
5259
ERROR: Unknown instruction
5802
9035 1583 7066 8700 9324 5360 7681 5259 
ERROR: Unknown instruction
5360
9035 7276 7066 5802 9324 5360 7681 5259 
7066
7681
6 7681
5 799
2 7066
5259
5730
5802
9035 7790 7066 5802 9000 799 7681 5259 
5730
7681
6 7681
2 5730
3 5802
ERROR: Address out of bound
9035 7790 7066 5802 9000 8044 7681 5259 
7790
5730
ERROR: Too many operands
ERROR: Address out of bound
ERROR: Unknown instruction
1 5366
2 5730
5 2351
5730
5061
ERROR: Too many operands
9035
1904
ERROR: Unknown instruction
5366
9035 5366 1904 5802 5061 2351 9164 5259 
7030
1904
7030
1904
8554
5366
5061
5132
ERROR: Unknown instruction
5160
ERROR: Unknown instruction
5102
5102
5160
7 5160
5 5102
0 7696
ERROR: Address out of bound
5061
7696
2944
6 2944
4 1796
0 7696
9415
7353
3 7353
2 856
0 9660
1796
5366
1 5366
4 1796
3 7353
9660
9660
ERROR: Unknown instruction
5102
2547
5102
5366
2547 5366 856 1937 1796 5102 2944 5248 
2973
4 2973
6 7264
0 9118
9224
9118 5366 856 9224 1796 5102 2944 5248 
ERROR: Unknown instruction
5248
7316
1 7316
7 5248
3 9224
7264
7264
5248
ERROR: Unknown instruction
856
2 856
7 5248
6 7264
9118 7316 856 9224 2973 5102 7264 5248 
ERROR: Too many operands
2973
9118
5102
ERROR: Unknown instruction
7316
ERROR: Address out of bound
701
9272
9272
608
701
9118
9118 5985 9272 9224 701 5712 7264 608 
0 1866
4 701
7 608
ERROR: Unknown instruction
0 1866
4 701
7 608
1866
9118 5985 9272 9224 701 5712 7264 608 
701
2429
ERROR: Unknown instruction
9118 5985 9272 9224 701 5712 7264 608 
ERROR: Unknown instruction
1 6229
3 4312
4 2067
2429 5985 9272 9224 701 5712 7264 3537 
6229
7530
3664
2429
7530
2429 6229 3664 4312 7530 5712 7264 6259 
6229
2429
9435
7264
ERROR: Address out of bound
2343
9435
2429 2061 3664 9435 7530 2343 9650 6259 
225 2061 3664 9435 7530 2343 9650 6259 
225 2061 3664 9435 7530 2343 9650 6259 
225 2061 3664 9435 7530 2343 9650 6259 
1 9046
2 2843
3 9435
225
9046
5922
7530
4 7530
6 9540
5 5922
2126
7530
7530
7530
9646
9646
ERROR: Address out of bound
9932
9646
7 9646
4 1446
6 9932
7 9646
4 1446
6 9932
9046
1446
8284
2293
0 2293
3 8284
4 1446
5 5340
0 2293
3 8284
9932
5340
ERROR: Unknown instruction
1540
0 882
5 2199
6 4981
ERROR: Too many operands
0 882
5 2199
6 4981
ERROR: Unknown instruction
ERROR: Address out of bound
ERROR: Unknown instruction
ERROR: Unknown instruction
309
8284
9046
7940 9046 309 8284 8594 2199 4981 6412 
ERROR: Too many operands
ERROR: Address out of bound
7664
ERROR: Unknown instruction
8594
7664
7940 9046 309 8284 8594 2199 4981 6412 
7940 9046 309 8284 8594 2199 4981 6412 
9046
ERROR: Address out of bound
ERROR: Address out of bound
7940 9046 1608 7138 5742 2199 4981 6412 
3163
9046
ERROR: Unknown instruction
598
3163
2199
ERROR: Unknown instruction
598
1 7640
5 2199
0 1737
8562
3163
1737 7640 3163 7138 8562 1707 3204 5836 
8562
1737 7640 3163 7138 8562 1707 3204 5836 
1737 7640 3163 7138 8562 1707 3204 5836 
7640
1772
438
7640
3163
7622
6764
438
ERROR: Too many operands
2974
3163
ERROR: Unknown instruction
6764
1772 6764 3163 438 7622 392 7755 5836 
1 6764
2 3163
6 2974
1772
3163
7399
7399
6764
1772 6764 3163 2442 7622 392 6088 7399 
7622
1772
392
1772
0 1772
5 392
4 7622
1772 6764 1831 2442 7622 392 6088 7399 
6088
1831
1831
ERROR: Unknown instruction
1831
4678
4922
ERROR: Unknown instruction
7943
7943
6024
4 9992
6 6024
3 7943
6764
6764
1831
4534
0 4534
2 1831
1 6764
6 5734
0 4534
2 1831
ERROR: Address out of bound
ERROR: Address out of bound
4678
ERROR: Unknown instruction
1886 6764 1831 4214 9992 4922 6024 4678 
ERROR: Unknown instruction
7 4678
6 5734
0 4534
ERROR: Unknown instruction
4922
9992
1831
ERROR: Address out of bound
ERROR: Too many operands
1831
4534
4214
4214
977
6 977
3 4214
5 7426
4534 6764 1831 4214 9992 4922 977 819 
