ERROR: Address out of bound
0
ERROR: Unknown instruction
ERROR: Unknown instruction
ERROR: Too many operands
32 779
12 3163
32 779
12 3163
0
0
0
ERROR: Too many operands
ERROR: Address out of bound
ERROR: Unknown instruction
0 0 0 0 0 0 0 0 0 0 0 0 0 0 0 0 0 0 0 0 0 0 0 0 0 0 0 0 0 0 0 0 0 0 0 0 0 0 0 0 0 0 0 0 0 0 0 0 0 0 0 0 0 0 0 0 0 0 0 0 0 0 0 0 0 0 0 0 0 0 0 0 0 0 0 0 0 0 0 0 0 0 0 0 0 0 0 0 0 0 0 0 0 0 0 0 0 0 0 0 
ERROR: Unknown instruction
ERROR: Unknown instruction
3163
ERROR: Too many operands
0 0 0 0 0 0 0 0 0 0 0 0 0 0 0 0 0 0 0 0 0 0 0 0 0 0 0 0 0 0 0 0 0 0 0 0 0 0 0 0 0 0 0 0 0 0 0 0 0 0 0 0 0 0 0 0 0 0 0 0 0 0 0 0 0 0 0 0 0 0 0 0 0 0 0 0 0 0 0 0 0 0 0 0 0 0 0 0 0 0 0 0 0 0 0 0 0 0 0 0 
3163
4163
0 0 0 0 0 0 0 0 0 0 0 0 0 0 0 0 0 0 0 0 0 0 0 0 0 0 0 0 0 0 0 0 0 0 0 0 0 0 0 0 0 0 0 0 0 0 0 0 0 0 0 0 0 0 0 0 0 0 0 0 0 0 0 0 0 0 0 0 0 0 0 0 0 0 0 0 0 0 0 0 0 0 0 0 0 0 0 0 0 0 0 0 0 0 0 0 0 0 0 0 
ERROR: Unknown instruction
ERROR: Address out of bound
96 7021
15 9512
33 7445
79 4163
12 3163
26 8218
87 4239
7 0
46 5306
82 0
ERROR: Address out of bound
ERROR: Address out of bound
ERROR: Address out of bound
ERROR: Unknown instruction
0
0
0
93 6878
47 606
24 9348
77 0
31 0
11 0
7 1367
0 1126
96 7021
15 9512
ERROR: Unknown instruction
0
0
4239
ERROR: Too many operands
ERROR: Unknown instruction
0
0
0
1126 0 0 0 0 0 0 1367 0 0 0 0 3163 0 0 9512 0 0 0 0 0 0 0 0 0 0 8218 0 0 0 0 0 779 7445 0 0 0 0 0 0 0 0 0 0 0 0 5306 0 0 0 0 0 0 0 0 0 0 0 0 0 0 0 0 0 0 0 0 0 0 0 0 0 0 0 0 0 0 0 0 4163 0 0 0 0 0 0 0 4239 0 0 0 0 0 0 0 0 7021 0 0 0 
ERROR: Unknown instruction
ERROR: Unknown instruction
0
ERROR: Address out of bound
11 0
37 8973
55 0
22 0
87 4239
75 1394
90 0
93 6878
47 606
24 9348
11 0
37 8973
55 0
22 0
87 4239
75 1394
90 0
93 6878
47 606
24 9348
0
0
0
0
0
1126 0 0 0 0 0 0 1367 0 0 0 0 3163 0 0 9512 0 0 0 0 0 0 0 0 9348 0 8218 0 0 0 0 0 779 7445 0 0 0 8973 0 0 0 0 0 0 0 0 5306 606 0 0 0 0 0 0 0 0 0 0 0 0 0 0 0 0 0 0 0 0 0 0 0 0 0 0 0 1394 0 0 0 4163 0 0 0 0 0 0 0 4239 0 0 0 0 0 6878 0 0 7021 0 0 0 
1126 0 0 0 0 0 0 1367 0 0 0 0 3163 0 0 9512 0 0 0 0 0 0 0 0 9348 0 8218 0 0 0 0 0 779 7445 0 0 0 8973 0 0 0 0 0 0 0 0 5306 606 0 0 0 0 0 0 0 0 0 0 0 0 0 0 0 0 0 0 0 0 0 0 0 0 0 0 0 1394 0 0 0 4163 0 0 0 0 0 0 0 4239 0 0 0 0 0 6878 0 0 7021 0 0 0 
68 0
59 0
66 0
9 4691
5 2264
62 1888
56 7511
95 0
38 0
89 1111
1126 0 0 0 0 0 0 1367 0 0 0 0 3163 0 0 9512 0 0 0 0 0 0 0 0 9348 0 8218 0 0 0 0 0 779 7445 0 0 0 8973 0 0 0 0 0 0 0 0 5306 606 0 0 0 0 0 0 0 0 0 0 0 0 0 0 0 0 0 0 0 0 0 0 0 0 0 0 0 1394 0 0 0 4163 0 0 0 0 0 0 0 4239 0 0 0 0 0 6878 0 0 7021 0 0 0 
1126 0 0 0 0 0 0 1367 0 0 0 0 3163 0 0 9512 0 0 0 0 0 0 0 0 9348 0 8218 0 0 0 0 0 779 7445 0 0 0 8973 0 0 0 0 0 0 0 0 5306 606 0 0 0 0 0 0 0 0 0 0 0 0 0 0 0 0 0 0 0 0 0 0 0 0 0 0 0 1394 0 0 0 4163 0 0 0 0 0 0 0 4239 0 0 0 0 0 6878 0 0 7021 0 0 0 
68 0
59 0
66 0
9 4691
5 2264
62 1888
56 7511
95 0
38 0
89 1111
ERROR: Address out of bound
ERROR: Unknown instruction
63 21
46 9629
68 0
59 0
66 0
9 4691
5 2264
62 1888
56 7511
95 0
1126 0 0 0 0 0 0 1367 0 0 0 0 3163 0 0 9512 0 0 0 0 0 0 0 0 9348 0 8218 0 0 0 0 0 779 7445 0 0 0 8973 0 0 0 0 0 0 0 0 5306 606 0 0 0 0 0 0 0 0 0 0 0 0 0 0 0 0 0 0 0 0 0 0 0 0 0 0 0 1394 0 0 0 4163 0 0 0 0 0 0 0 4239 0 1111 0 0 0 6878 0 0 7021 0 0 0 
75 2129
63 21
46 9629
68 0
59 0
66 0
9 4691
5 2264
62 1888
56 7511
75 2129
63 21
46 9629
68 0
59 0
66 0
9 4691
5 2264
62 1888
56 7511
ERROR: Unknown instruction
0
ERROR: Too many operands
61 190
57 0
75 2129
63 21
46 9629
68 0
59 0
66 0
9 4691
5 2264
61 190
57 0
75 2129
63 21
46 9629
68 0
59 0
66 0
9 4691
5 2264
0
ERROR: Unknown instruction
88 0
61 190
57 0
75 2129
63 21
46 9629
68 0
59 0
66 0
9 4691
ERROR: Address out of bound
1126 0 0 0 0 2264 0 1367 0 4691 0 0 3163 0 0 9512 0 0 0 0 0 0 0 0 9348 0 8218 0 0 0 0 0 779 7445 0 0 0 8973 0 0 0 0 0 0 0 0 5306 606 0 0 0 0 0 0 0 0 7511 0 0 0 0 0 1888 0 0 0 0 0 0 0 0 0 0 0 0 1394 0 0 0 4163 0 0 0 0 0 0 0 4239 0 1111 0 0 0 6878 0 0 7021 0 0 0 
0
0
1126 0 0 0 0 2264 0 1367 0 4691 0 0 3163 0 0 9512 0 0 0 0 0 0 0 0 9348 0 8218 0 0 0 0 0 779 7445 0 0 0 8973 0 0 0 0 0 0 0 0 9629 606 0 0 0 0 0 0 0 0 7511 0 0 0 0 0 1888 0 0 0 0 0 0 0 0 0 0 0 0 1394 0 0 0 4163 0 0 0 0 0 0 0 4239 0 1111 0 0 0 6878 0 0 7021 0 0 0 
0
9629
0
0
0
9629
ERROR: Address out of bound
ERROR: Unknown instruction
1126 0 0 0 0 2264 0 1367 0 4691 0 0 3163 0 0 9512 0 0 0 0 0 0 0 0 9348 0 8218 0 0 0 0 0 779 7445 0 0 0 8973 0 0 0 0 0 0 0 0 9629 606 0 0 0 0 0 0 0 0 7511 0 0 0 0 190 1888 21 0 0 0 0 0 0 0 0 0 0 0 2129 0 0 0 4163 0 0 0 0 0 0 0 4239 0 1111 0 0 0 6878 0 0 7021 0 0 0 
1126 0 0 0 0 2264 0 1367 0 4691 0 0 3163 0 0 9512 0 0 0 0 0 0 0 0 9348 0 8218 0 0 0 0 0 779 7445 0 0 0 8973 0 0 0 0 0 0 0 0 9629 606 0 0 0 0 0 0 0 0 7511 0 0 0 0 190 1888 21 0 0 0 0 0 0 0 0 0 0 0 2129 0 0 0 4163 0 0 0 0 0 0 0 4239 0 1111 0 0 0 6878 0 0 7021 0 0 0 
1126 0 0 0 0 2264 0 1367 0 4691 0 0 3163 0 0 9512 0 0 0 0 0 0 0 0 9348 0 8218 0 0 0 0 0 779 7445 0 0 0 8973 0 0 0 0 0 0 0 0 9629 606 0 0 0 0 0 0 0 0 2249 0 0 0 0 190 1888 21 0 0 0 0 0 0 0 0 0 0 0 2129 0 0 0 4163 0 0 0 0 0 0 0 4239 0 1111 0 0 0 6878 0 0 7021 0 0 0 
ERROR: Address out of bound
ERROR: Unknown instruction
1126 0 0 0 0 2264 0 1367 0 4691 0 0 3163 0 0 9512 0 0 0 0 0 0 0 0 9348 0 8218 0 0 0 0 0 779 7445 0 0 0 8973 0 0 4941 0 0 0 0 0 9629 606 0 0 0 0 0 0 0 0 2249 0 0 0 0 190 1888 21 0 0 0 0 0 0 0 0 0 0 0 2129 0 0 0 4163 0 0 0 0 0 0 0 4239 0 1111 0 0 0 6878 0 0 7021 0 0 0 
0
0
0
86 0
87 6950
58 0
2 0
50 9178
61 2573
59 7216
53 3493
17 4195
46 9629
ERROR: Unknown instruction
86 0
87 6950
58 0
2 0
50 9178
61 2573
59 7216
53 3493
17 4195
46 9629
0
ERROR: Too many operands
ERROR: Unknown instruction
0
18 0
72 0
32 820
86 0
87 6950
58 0
2 0
50 9178
61 2573
59 7216
1126 0 0 0 0 2264 0 1367 0 4691 0 0 3163 0 0 9512 0 4195 0 0 0 0 0 0 9348 0 8218 0 8929 0 0 0 779 7445 0 0 0 8973 0 0 4941 0 0 0 0 0 9629 606 0 0 0 0 0 3493 0 0 2249 0 0 0 0 190 1888 21 0 0 0 0 0 0 0 0 0 0 0 2129 0 0 0 4163 0 0 0 0 0 0 0 4239 0 1111 0 0 0 6878 0 0 7021 0 0 0 
0
42 0
18 0
72 0
32 820
86 0
87 6950
58 0
2 0
50 9178
61 2573
0
0
ERROR: Unknown instruction
1126 0 0 0 0 2264 0 1367 0 4691 0 0 3163 0 0 9512 0 4195 0 0 0 0 0 0 9348 0 8218 0 8929 0 0 0 779 7445 0 0 0 8973 0 0 4941 0 0 0 0 0 9629 606 0 0 9178 0 0 3493 0 0 2249 0 0 7216 0 2573 1888 21 0 0 0 0 0 0 0 0 0 0 0 2129 0 0 0 4163 0 0 0 0 0 0 0 4239 0 1111 0 0 0 6878 0 0 7021 0 0 0 
1126 0 0 0 0 2264 0 1367 0 4691 0 0 3163 0 0 9512 0 4195 0 0 0 0 0 0 9348 0 8218 0 8929 0 0 0 779 7445 0 0 0 8973 0 0 4941 0 0 0 0 0 9629 606 0 0 9178 0 0 3493 0 0 2249 0 0 7216 0 2573 1888 21 0 0 0 0 0 0 0 0 0 0 0 2129 0 0 0 4163 0 0 0 0 0 0 0 4239 0 1111 0 0 0 6878 0 0 7021 0 0 0 
1126 0 0 0 0 2264 0 1367 0 4691 0 0 3163 0 0 9512 0 4195 0 0 0 0 0 0 9348 0 8218 0 8929 0 0 0 779 7445 0 0 0 8973 0 0 4941 0 0 0 0 0 9629 606 0 0 9178 0 0 3493 0 0 2249 0 0 7216 0 2573 1888 21 0 0 0 0 0 0 0 0 0 0 0 2129 0 0 0 4163 0 0 0 0 0 0 0 4239 0 1111 0 0 0 6878 0 0 7021 0 0 0 
88 3265
57 0
42 0
18 0
72 0
32 820
86 0
87 6950
58 0
2 0
ERROR: Unknown instruction
88 3265
57 0
42 0
18 0
72 0
32 820
86 0
87 6950
58 0
2 0
3265
0
0
4163
ERROR: Address out of bound
1126 0 0 0 0 2264 0 1367 0 4691 0 0 3163 0 0 9512 0 4195 0 0 0 0 0 0 9348 0 8218 0 8929 0 0 0 820 7445 0 0 0 8973 0 0 4941 0 0 0 0 0 9629 606 0 0 9178 0 0 3493 0 0 2249 0 0 7216 0 2573 1888 21 0 0 0 0 0 0 0 0 0 0 0 2129 0 0 0 4163 0 0 0 0 0 0 0 6950 0 1111 0 0 0 6878 0 0 7021 0 0 0 
1126 0 0 0 0 2264 0 1367 0 4691 0 0 3163 0 0 9512 0 4195 0 0 0 0 0 0 9348 0 8218 0 8929 0 0 0 820 7445 0 0 0 8973 0 0 4941 0 0 0 0 0 9629 606 0 0 9178 0 0 3493 0 0 2249 0 0 7216 0 2573 1888 21 0 0 0 0 0 0 0 0 0 0 0 2129 0 0 0 4163 0 0 0 0 0 0 0 6950 0 1111 0 0 0 6878 0 0 7021 0 0 0 
ERROR: Unknown instruction
0
9178
0
0
0
0
1126 0 0 0 0 2264 0 1367 0 4691 0 0 3163 0 0 9512 0 4195 0 0 0 0 0 0 9348 0 8218 0 8929 0 0 0 820 7445 0 0 0 8973 0 0 4941 0 0 0 0 0 9629 718 0 0 9178 0 0 3493 0 0 2249 0 0 7216 0 2573 1888 21 0 0 0 0 0 0 0 0 0 0 0 2129 0 0 0 4163 0 0 0 0 0 0 0 6950 3265 9199 0 0 0 6878 0 0 7021 0 0 0 
0
ERROR: Unknown instruction
0
0
4195
ERROR: Unknown instruction
4195
0
2256
ERROR: Address out of bound
3163
4495
ERROR: Unknown instruction
0
1126 0 0 1586 0 2264 0 1367 0 4691 0 0 3163 0 0 9512 0 4195 0 0 0 0 0 0 9348 0 8218 0 8929 0 0 0 820 7445 0 0 0 8973 0 0 4941 0 0 0 0 0 9629 718 0 0 9178 0 0 3493 0 0 2249 0 0 7216 0 2573 1888 21 0 0 0 0 0 0 0 0 0 0 0 5160 0 0 0 9404 0 0 0 0 0 0 0 6950 3265 9199 0 0 0 1052 0 0 7021 0 0 0 
857
ERROR: Unknown instruction
0
1126 0 0 1586 0 2264 0 1367 0 4691 0 0 3163 0 0 9512 0 4195 0 0 0 0 0 0 9348 0 8218 0 8929 0 0 0 9798 7445 0 0 0 8973 0 0 4941 0 0 0 0 0 9629 718 0 0 9178 0 0 3493 0 0 2249 0 0 7216 0 2573 1888 21 0 0 0 0 0 0 0 0 0 0 0 5160 0 0 0 9404 0 0 0 0 0 0 0 6950 3265 9199 0 0 0 1052 0 0 7021 0 0 0 
0
0
9629
ERROR: Address out of bound
9629
0
ERROR: Unknown instruction
4195
9199
6979 0 0 1586 2256 2264 0 1367 0 4691 0 0 3163 0 0 9512 0 4195 0 0 0 0 0 6496 9348 2927 8218 0 8929 0 0 0 9798 7445 0 0 0 8973 0 0 4941 0 0 0 0 0 9629 718 0 0 9178 0 0 3493 0 6041 2249 0 4749 7216 0 2573 1888 21 0 0 0 0 0 0 4385 0 0 0 0 5160 0 0 0 9404 0 0 0 0 0 0 0 6950 3265 9199 0 0 0 1052 0 4201 4495 0 0 0 
ERROR: Unknown instruction
8973
3803
21
ERROR: Unknown instruction
55 201
63 21
37 8973
89 9199
33 9014
66 6787
17 5548
42 6838
73 0
45 9234
55 201
63 21
37 8973
89 9199
33 9014
66 6787
17 5548
42 6838
73 0
45 9234
0
ERROR: Unknown instruction
2 0
96 8311
55 201
63 21
37 8973
89 9199
33 9014
66 6787
17 5548
42 6838
0
0
15 2398
92 0
98 0
2 0
96 8311
55 201
63 21
37 8973
89 9199
33 9014
15 2398
92 0
98 0
2 0
96 8311
55 201
63 21
37 8973
89 9199
33 9014
0
2264
0
92 8503
25 7587
64 0
5 2264
17 2728
15 2398
98 0
2 0
96 8311
55 201
0
9199
ERROR: Unknown instruction
0
0
ERROR: Unknown instruction
8311
6979 0 0 1586 2256 2264 0 1367 0 4691 0 0 3163 0 0 2398 0 2728 0 0 0 0 0 6496 9348 2927 8218 0 8929 0 0 0 9798 9014 0 0 0 8973 0 0 4941 0 6838 0 0 9234 9629 718 0 0 9178 0 0 3493 0 201 2249 0 4749 7216 0 2573 1888 21 0 0 6787 0 0 0 4385 0 0 0 0 5160 0 0 0 9404 0 0 0 0 0 0 0 6950 3265 9199 0 0 0 1052 0 4201 8311 0 0 0 
96 8033
19 2672
53 3948
93 7944
85 0
41 0
89 9199
92 8503
25 7587
64 0
21
ERROR: Address out of bound
ERROR: Address out of bound
6979 0 0 1586 2256 2264 0 1367 0 4691 0 0 3163 0 0 2398 0 2728 0 0 0 0 0 6496 9348 2927 8218 0 8929 0 0 0 9798 9014 0 0 0 8973 0 0 4941 0 6838 0 0 9234 9629 718 0 0 9178 0 0 3493 0 201 2249 0 4749 7216 0 2573 1888 21 0 0 6787 0 0 0 4385 0 0 0 0 5160 0 0 0 9404 0 0 0 0 0 0 0 6950 3265 9199 0 0 0 1052 0 4201 8311 0 0 0 
6979 0 0 1586 2256 2264 0 1367 0 4691 0 0 3163 0 0 2398 0 2728 0 0 0 0 0 6496 9348 2927 8218 0 8929 0 0 0 9798 9014 0 0 0 8973 0 0 4941 0 6838 0 0 9234 9629 718 0 0 9178 0 0 3493 0 201 2249 0 4749 7216 0 2573 1888 21 0 0 6787 0 0 0 4385 0 0 0 0 5160 0 0 0 9404 0 0 0 0 0 0 0 6950 3265 9199 0 0 0 1052 0 4201 8311 0 0 0 
ERROR: Address out of bound
3125
1586
ERROR: Unknown instruction
3 1586
6 9684
27 3125
0 5639
47 3137
63 21
96 8033
19 2672
53 3948
93 7944
ERROR: Address out of bound
ERROR: Too many operands
9234
0
6979 0 0 1586 2256 2264 0 1367 0 4691 0 0 3163 0 0 2398 0 2728 0 2672 0 0 0 6496 9348 7587 8218 0 8929 0 0 0 9798 9014 0 0 0 8973 0 0 4941 0 6838 0 0 9234 9629 3137 0 0 9178 0 0 3948 0 201 2249 0 4749 7216 0 2573 1888 21 0 0 6787 0 0 0 4385 0 0 0 0 5160 0 0 0 9404 0 0 0 0 0 0 0 6950 3265 9199 0 0 8503 7944 0 4201 8033 0 0 0 
0
0
72 9576
13 0
83 5166
48 0
1 0
62 4385
45 9234
5 7814
24 8582
61 1293
0
60 0
72 9576
13 0
83 5166
48 0
1 0
62 4385
45 9234
5 7814
24 8582
0
0
5639 0 0 1586 2256 7814 9684 1367 0 4691 0 0 3163 0 0 2398 0 2728 0 2672 0 0 0 6496 8582 7587 8218 3125 8929 0 0 0 9798 9014 0 0 0 8973 0 0 4941 0 6838 0 0 9234 9629 3137 0 0 9178 0 0 3948 0 201 2249 0 4749 7216 0 1293 1888 21 0 0 6787 0 0 0 4385 0 0 0 0 5160 0 0 0 9404 0 0 0 0 0 0 0 6950 3265 9199 0 0 8503 7944 0 4201 8033 0 0 0 
21
7814
5639 0 0 1586 2256 7814 9684 1367 0 4691 0 0 3163 0 0 2398 0 2728 0 2672 0 0 0 6496 8582 7587 8218 3125 8929 0 0 0 9798 9014 0 0 0 8973 0 0 4941 0 6838 0 0 9234 9629 3137 0 0 9178 0 0 3948 0 201 2249 0 4749 7216 0 1293 4385 21 0 0 6787 0 0 0 4385 0 0 0 0 5160 0 0 0 9404 0 0 0 0 0 0 0 6950 3265 9199 0 0 8503 7944 0 4201 8033 0 0 0 
5 7814
63 21
49 2669
86 0
55 451
60 1520
52 0
72 9576
13 0
83 5166
0
2 0
5 7814
63 21
49 2669
86 0
55 451
60 1520
52 0
72 9576
13 0
ERROR: Unknown instruction
ERROR: Unknown instruction
9576
5639 0 0 1586 2256 7814 9684 1367 0 4691 0 0 3163 0 0 2398 0 2728 0 2672 0 0 0 6496 8582 7587 8218 3125 8929 0 0 0 9798 9014 0 0 0 8973 0 0 4941 0 6838 0 0 9234 9629 3137 0 0 9178 0 0 3948 0 451 2249 0 4749 7216 1520 1293 4385 21 0 0 6787 0 0 0 4385 0 0 0 0 5160 0 0 0 9404 0 0 0 5166 0 0 0 6950 3265 9199 0 0 8503 7944 0 4201 8033 0 0 0 
85 1637
21 9366
82 5349
72 9576
70 3350
2 0
5 7814
63 21
49 2669
86 0
0
0
0
ERROR: Address out of bound
ERROR: Unknown instruction
8033
96 8033
88 1737
34 0
51 5536
99 709
65 0
41 3774
39 3974
85 1637
21 9366
8503
ERROR: Unknown instruction
8503
8582
24 8582
92 8503
2 2483
4 3230
96 8033
88 1737
34 0
51 5536
99 709
65 0
1586
0
0
54 0
91 0
3 1586
96 7952
24 8582
92 8503
2 2483
4 3230
88 1737
34 0
ERROR: Unknown instruction
ERROR: Unknown instruction
ERROR: Unknown instruction
0
5062
ERROR: Address out of bound
ERROR: Unknown instruction
ERROR: Unknown instruction
ERROR: Unknown instruction
54 5062
34 0
61 2930
79 372
91 0
3 1586
96 7952
24 8582
92 8503
2 2483
9234
9199
ERROR: Unknown instruction
0
ERROR: Unknown instruction
0
0
3137
9810
2 9810
47 3137
9 8750
10 0
65 0
98 5843
89 7866
53 4911
68 7084
51 2330
2 9810
47 3137
9 8750
10 0
65 0
98 5843
89 7866
53 4911
68 7084
51 2330
5639 0 2483 1586 3230 7814 9684 1367 0 4691 0 0 3163 0 0 2398 0 2728 0 2672 0 9366 0 6496 8582 7587 8218 3125 8929 0 0 0 9798 9014 0 0 0 8973 0 3974 4941 3774 6838 0 0 9234 9629 3137 0 2669 9178 2330 0 3948 5062 451 2249 0 4749 7216 1520 2930 4385 21 0 0 6787 0 0 0 3350 0 9576 0 0 5160 0 0 0 372 0 0 5349 5166 0 1637 0 6950 1737 9199 0 0 8503 7944 0 4201 7952 0 0 709 
ERROR: Address out of bound
0
84 0
74 8244
29 7520
2 9810
47 3137
9 8750
10 0
65 0
98 5843
89 7866
ERROR: Unknown instruction
ERROR: Unknown instruction
27 7802
84 0
74 8244
29 7520
2 9810
47 3137
9 8750
10 0
65 0
98 5843
0
3163
2594
2594
5639 0 2483 1586 3230 7814 9684 1367 0 4691 0 0 3163 0 0 2398 0 2728 0 2672 0 9366 0 6496 8582 7587 8218 3125 8929 0 0 0 9798 9014 0 0 0 8973 0 3974 4941 3774 6838 0 0 9234 9629 3137 0 2669 9178 2330 0 4911 5062 451 2249 0 4749 7216 1520 2930 4385 21 0 0 6787 0 7084 0 3350 0 9576 0 0 5160 0 0 0 372 0 0 5349 5166 0 1637 0 6950 1737 7866 0 0 8503 7944 0 4201 7952 0 5843 709 
8973
0
0
7520
0
71 0
29 7520
84 0
94 4403
18 0
25 3439
37 8973
67 2746
54 2594
12 3163
29 8640
94 6371
71 0
84 0
18 0
25 3439
37 8973
67 2746
54 2594
12 3163
29 8640
94 6371
71 0
84 0
18 0
25 3439
37 8973
67 2746
54 2594
12 3163
7814
ERROR: Address out of bound
0
ERROR: Unknown instruction
ERROR: Unknown instruction
ERROR: Unknown instruction
ERROR: Unknown instruction
ERROR: Address out of bound
2398
ERROR: Address out of bound
ERROR: Unknown instruction
5639 0 9810 1586 3230 7814 9684 1367 0 8750 0 0 3163 0 0 2398 0 2728 0 2672 0 9366 0 6496 8582 7587 8218 7802 8929 7520 0 0 9798 9014 0 0 0 8973 0 3974 4941 3774 6838 0 0 9234 9629 3137 0 2669 9178 2330 0 4911 2594 451 2249 0 4749 7216 1520 2930 4385 21 0 0 6787 2746 7084 0 3350 0 9576 0 8244 5160 0 0 0 372 0 0 5349 5166 0 1637 0 6950 1737 7866 0 0 8503 7944 0 4201 7952 0 5843 709 
8929
57 6927
28 8929
15 2398
81 8315
22 0
5 7814
29 8640
94 6371
71 0
84 0
5843
98 5843
57 6927
28 8929
15 2398
81 8315
22 0
5 7814
29 8640
94 6371
71 0
ERROR: Unknown instruction
7866
5639 0 9810 1586 3230 7814 9684 1367 0 8750 0 0 3163 0 0 2398 0 2728 0 2672 0 9366 0 6496 8582 3439 8218 7802 8929 7520 0 0 9798 9014 0 0 0 8973 0 3974 4941 3774 6838 0 0 9234 9629 3137 0 2669 9178 2330 0 4911 2594 451 2249 0 4749 7216 1520 2930 4385 21 0 0 6787 2746 7084 0 3350 0 9576 0 8244 5160 0 0 0 372 0 0 5349 5166 0 1637 0 6950 1737 7866 0 0 8503 7944 0 4201 7952 0 5843 709 
0
7540
7814
5639 0 9810 1586 3230 7814 9684 1367 0 8750 0 0 3163 0 0 2398 0 2728 0 2672 0 9366 0 6496 8582 3439 8218 7802 8929 8640 0 0 9798 9014 0 0 0 8973 0 3974 4941 3774 6838 0 0 9234 9629 3137 0 2669 9178 2330 0 4911 2594 451 2249 0 4749 7216 1520 2930 4385 21 0 0 6787 2746 7084 0 3350 0 9576 0 8244 5160 0 0 0 372 0 0 5349 5166 0 1637 0 6950 1737 7866 0 0 8503 7944 6371 4201 7952 0 5843 709 
ERROR: Unknown instruction
6838
9810
0
42 1123
87 3912
31 0
2 9810
5 7814
22 4625
10 7540
91 0
89 7866
15 7295
0
9798
62 9956
32 9798
31 0
55 5958
42 1123
87 3912
2 9810
5 7814
22 4625
10 7540
ERROR: Unknown instruction
5639 0 9810 1586 3230 7814 9684 1367 0 8750 0 0 3163 0 0 7295 0 2728 0 2672 0 9366 0 6496 8582 3439 8218 7802 8929 8640 0 0 9798 9014 0 0 0 8973 0 3974 4941 3774 6838 0 0 9234 9629 3137 0 2669 9178 2330 0 4911 2594 451 2249 6927 4749 7216 1520 2930 4385 21 0 0 6787 2746 7084 0 3350 0 9576 0 8244 5160 0 0 0 372 0 8315 5349 5166 0 1637 0 6950 1737 7866 0 0 8503 7944 6371 4201 7952 0 5843 709 
9121
0
78 0
62 9121
32 9798
31 0
55 5958
42 1123
87 3912
2 9810
5 7814
22 4625
ERROR: Unknown instruction
4625
37 8388
77 2795
22 4625
1 2430
78 0
62 9121
32 9798
31 0
55 5958
42 1123
ERROR: Too many operands
ERROR: Unknown instruction
5639 0 9810 1586 3230 7814 9684 1367 0 8750 7540 0 3163 0 0 7295 0 2728 0 2672 0 9366 4625 6496 8582 3439 8218 7802 8929 8640 0 0 9798 9014 0 0 0 8973 0 3974 4941 3774 1123 0 0 9234 9629 3137 0 2669 9178 2330 0 4911 2594 5958 2249 6927 4749 7216 1520 2930 4385 21 0 0 6787 2746 7084 0 3350 0 9576 0 8244 5160 0 0 0 372 0 8315 5349 5166 0 1637 0 3912 1737 7866 0 0 8503 7944 6371 4201 7952 0 5843 709 
0
5166
8264
7216
372
ERROR: Unknown instruction
9601
6927
7295
9601
59 9601
15 7295
57 6927
81 5995
31 1600
10 7209
79 372
17 8264
83 5166
41 5087
ERROR: Unknown instruction
0
8503
ERROR: Address out of bound
5639 2430 9810 1586 3230 7814 9684 1367 0 8750 7540 0 3163 0 0 7295 0 2728 0 2672 0 9366 4625 6496 8582 3439 8218 7802 8929 8640 0 0 9798 9014 0 0 6147 8388 0 3974 4941 5087 1123 9159 0 9234 9629 3137 0 3106 9178 2330 0 4911 2594 5958 2249 6927 4749 7216 1520 2930 9121 21 0 0 6787 2746 7084 0 3350 0 9576 0 8244 5160 0 2795 0 372 0 8315 5349 5166 0 1637 0 3912 1737 7866 0 0 8503 7944 6371 4201 7952 0 5843 6126 
0
ERROR: Unknown instruction
ERROR: Unknown instruction
5087
2194
2194
2353
ERROR: Unknown instruction
ERROR: Too many operands
4749
2930
5639 2430 9810 1586 3230 7814 9684 1367 0 8750 7209 0 3163 0 0 7295 0 8264 0 2672 0 9366 4625 6496 8582 3439 8218 7802 8929 8640 0 1600 9798 9014 0 0 6147 8388 0 3974 4941 5087 1123 9159 0 9234 9629 3137 0 3106 9178 2330 0 4911 2594 5958 2249 6927 4749 9601 1520 2930 9121 21 0 0 6787 2746 7084 0 3350 0 9576 0 8244 5160 0 2795 0 372 0 5995 5349 5166 0 1637 0 3912 1737 7866 0 0 8503 7944 6371 4201 7952 0 5843 6126 
4073
3350
0
1637
85 1637
65 0
70 3350
96 4073
61 2930
58 4749
40 2803
88 2353
12 831
74 2194
0
18 5611
34 0
57 1608
85 1637
65 0
70 3350
96 4073
61 2930
58 4749
40 2803
9629
ERROR: Address out of bound
46 9629
18 5611
34 0
57 1608
85 1637
65 0
70 3350
96 4073
61 2930
58 4749
80 2389
46 9629
18 5611
34 0
57 1608
85 1637
65 0
70 3350
96 4073
61 2930
ERROR: Unknown instruction
9014
2249
56 2249
33 9014
80 2389
46 9629
18 5611
34 0
57 1608
85 1637
65 0
70 3350
7944
ERROR: Unknown instruction
5349
48 3865
82 5349
93 7944
24 984
33 2537
56 2249
80 2389
46 9629
18 5611
34 0
48 3865
82 5349
93 7944
24 984
33 2537
56 2249
80 2389
46 9629
18 5611
34 0
8750
0
2389
2389
4201
2803
0
ERROR: Address out of bound
78 0
40 2803
96 6617
5 7788
95 4201
80 2389
86 9269
15 7778
30 0
9 8750
6617
5160
7084
831
12 831
68 7084
75 5160
52 3427
96 6617
78 0
40 2803
5 7788
95 4201
80 2389
5843
5639 2430 9810 1586 3230 7814 9684 1367 0 8750 7209 0 831 0 0 7778 0 8264 5611 2672 0 9366 4625 6496 984 3439 8218 7802 8929 8640 0 1600 9798 2537 0 0 6147 8388 0 3974 2803 5087 1123 9159 0 9234 9629 3137 3865 3106 9178 2330 0 4911 2594 5958 2249 1608 4749 9601 1520 2930 9121 21 0 0 6787 2746 7084 0 3350 0 9576 0 2194 5160 0 2795 0 372 2389 5995 5349 5166 0 1637 9269 3912 2353 7866 0 0 8503 7944 6371 4201 4073 0 5843 6126 
98 5843
13 2188
75 8272
12 831
68 7084
52 3427
96 6617
78 0
40 2803
5 7788
1367
5639 2430 9810 1586 3230 7788 9684 1367 0 8750 7209 0 831 0 0 7778 0 8264 5611 2672 0 9366 4625 6496 984 3439 8218 7802 8929 8640 0 1600 9798 2537 0 0 6147 8388 0 3974 2803 5087 1123 9159 0 9234 9629 3137 3865 3106 9178 2330 0 4911 2594 5958 2249 1608 4749 9601 1520 2930 9121 21 0 0 6787 2746 7084 0 3350 0 9576 0 2194 5160 0 2795 0 372 2389 5995 5349 5166 0 1637 9269 3912 2353 7866 0 0 8503 7944 6371 4201 4073 0 5843 6126 
3137
3137
2746
ERROR: Unknown instruction
831
ERROR: Address out of bound
12 7360
33 5832
67 2746
47 3137
7 1367
98 5843
13 2188
75 8272
68 7084
52 3427
8272
4749
55 224
11 3199
73 8553
58 4749
75 8272
12 7360
33 5832
67 2746
47 3137
7 1367
224
ERROR: Unknown instruction
1841
5400
6126
ERROR: Unknown instruction
ERROR: Address out of bound
88 1561
7 3651
99 6126
55 5400
11 1841
94 5202
73 8553
58 4749
75 8272
12 7360
4749
ERROR: Unknown instruction
5639 2430 9810 1586 3230 7788 9684 1367 0 8750 7209 0 831 2188 0 7778 0 8264 5611 2672 0 9366 4625 6496 984 3439 8218 7802 8929 8640 0 1600 9798 5832 0 0 6147 8388 0 3974 2803 5087 1123 9159 0 9234 9629 3137 3865 3106 9178 2330 3427 4911 2594 5958 2249 1608 4749 9601 1520 2930 9121 21 0 0 6787 2746 7084 0 3350 0 9576 0 2194 5160 0 2795 0 372 2389 5995 5349 5166 0 1637 9269 3912 2353 7866 0 0 8503 7944 6371 4201 6617 0 5843 6126 
21
3651
5639 2430 9810 1586 3230 7788 9684 1367 0 8750 7209 0 7360 2188 0 7778 0 8264 5611 2672 0 9366 4625 6496 984 3439 8218 7802 8929 8640 0 1600 9798 5832 0 0 6147 8388 0 3974 2803 5087 1123 9159 0 9234 9629 3137 3865 3106 9178 2330 3427 4911 2594 5958 2249 1608 4749 9601 1520 2930 9121 21 0 0 6787 2746 7084 0 3350 0 9576 0 2194 8272 0 2795 0 372 2389 5995 5349 5166 0 1637 9269 3912 2353 7866 0 0 8503 7944 6371 4201 6617 0 5843 6126 
21
5995
6769
5639 2430 9810 1586 3230 7788 9684 1367 0 8750 7209 0 7360 2188 0 7778 0 8264 5611 2672 0 9366 4625 6496 984 3439 8218 7802 8929 8640 0 1600 9798 5832 0 0 6147 8388 0 3974 2803 5087 1123 9159 0 9234 9629 3137 3865 3106 9178 2330 3427 4911 2594 5958 2249 1608 4749 9601 1520 2930 9121 21 0 0 6787 2746 7084 0 3350 0 9576 8553 2194 8272 0 2795 0 372 2389 5995 5349 5166 0 1637 9269 3912 2353 7866 0 0 8503 7944 5202 4201 6617 0 5843 6126 
6769
ERROR: Unknown instruction
5639 2430 9810 1586 3230 7788 9684 1367 0 8750 7209 1841 7360 2188 0 7778 0 8264 5611 2672 0 9366 4625 6496 984 3439 8218 7802 8929 8640 0 1600 9798 5832 0 0 6147 8388 0 3974 2803 5087 1123 9159 0 9234 9629 3137 3865 3106 9178 2330 3427 4911 2594 5400 2249 1608 4749 9601 1520 2930 9121 21 0 0 6787 2746 7084 0 3350 0 9576 8553 2194 8272 0 2795 0 372 2389 5995 5349 5166 0 1637 9269 3912 2353 7866 0 0 8503 7944 5202 4201 6617 0 5843 6126 
9798
1561
1841
9062
ERROR: Unknown instruction
5639 2430 9810 1586 3230 7788 9684 1367 0 8750 7209 1841 7360 2188 1372 7778 0 8264 5611 2672 0 9366 4625 6496 984 3439 8218 7802 8929 8640 0 1600 9798 5832 0 0 6147 8388 0 3974 2803 5087 1123 9159 0 9234 9629 3137 3865 3106 9178 2330 3427 4911 2594 5400 2249 1608 4749 9601 1520 2930 9121 21 0 0 6787 2746 7084 0 3350 0 9576 8553 2194 8272 0 2795 0 372 2389 5995 5349 5166 0 1637 9269 3912 1561 7866 0 0 8503 7944 5202 4201 6617 0 5843 6126 
372
5639 2430 9810 1586 3230 7788 9684 3651 0 8750 7209 1841 7360 2188 1372 7778 0 8264 5611 2672 0 9366 4625 6496 984 3439 8218 7802 8929 8640 0 1600 9798 5832 0 0 6147 8388 0 3974 2803 5087 1123 9159 0 9234 9629 3137 3865 3106 9178 2330 3427 4911 2594 5400 2249 1608 4749 9601 1520 2930 9121 21 0 0 6787 2746 7084 0 3350 0 9576 8553 2194 8272 0 2795 0 372 2389 5995 5349 5166 0 1637 9269 3912 1561 7866 0 0 8503 7944 5202 4201 6617 0 5843 9030 
7944
0
2435
8388
0
ERROR: Unknown instruction
5639 2430 9810 3664 1982 7788 9684 3651 0 8750 7209 1841 7360 2188 1372 7778 0 8264 5611 2672 0 9366 4625 6496 984 3439 8218 7802 8929 8640 0 1600 9798 5832 0 0 6147 8388 0 3974 2803 5087 1123 9159 0 9234 9629 3137 3865 3106 9178 2330 3427 4911 2594 5400 2249 1608 4749 9601 9837 2930 9121 21 0 0 6787 2746 7084 0 3350 0 9576 8553 2194 8272 0 2795 0 372 2389 5995 5349 5166 0 1637 9269 3912 1561 7866 0 0 8503 7944 5202 4201 6617 0 5843 9030 
2330
51 2330
35 0
37 8388
98 6636
14 2435
65 5036
71 0
93 7944
38 2554
79 372
ERROR: Unknown instruction
2330
4749
75 9846
58 4749
42 8818
51 2330
19 4405
21 8247
40 9298
35 0
37 8388
98 6636
ERROR: Address out of bound
3439
5639 2430 9810 3664 1982 7788 9684 3651 0 8750 7209 1841 7360 2188 2435 7778 0 8264 5611 2672 0 9366 4625 6496 984 3439 8218 7802 8929 8640 0 1600 2664 5832 0 0 6147 8388 2554 3974 2803 5087 1123 9159 0 9234 9629 3137 3865 3106 9178 2330 3427 4911 2594 5400 2249 1608 4749 9601 9837 2930 9121 21 0 5036 6787 2746 7084 0 3350 0 9576 8553 2194 8272 0 2795 0 372 2389 5995 5349 5166 0 1637 9269 3912 1561 7866 0 0 8503 7944 5202 4201 6617 0 6636 9030 
1637
1637
2330
0
8553
1637
73 4451
90 4937
85 1637
51 2330
25 4676
75 9846
58 4749
42 8818
19 4405
21 8247
4451
ERROR: Address out of bound
5639 2430 9810 3664 1982 7788 9684 3651 0 8750 7209 1841 7360 2188 2435 7778 0 8264 5611 2672 0 9366 4625 6496 984 3439 8218 7802 8929 8640 0 1600 2664 5832 0 0 6147 8388 2554 3974 9298 5087 1123 9159 0 9234 9629 3137 3865 3106 9178 2330 3427 4911 2594 5400 2249 1608 4749 9601 9837 2930 9121 21 0 5036 6787 2746 7084 0 3350 0 9576 8553 2194 8272 0 2795 0 372 2389 5995 5349 5166 0 1637 9269 3912 1561 7866 0 0 8503 7944 5202 4201 6617 0 6636 9030 
0
ERROR: Unknown instruction
9576
5639 2430 9810 3664 1982 7788 9684 3651 0 8750 7209 1841 7360 2188 2435 7778 0 8264 5611 4405 0 8247 4625 6496 984 3439 8218 7802 8929 8640 0 1600 2664 5832 0 0 6147 8388 2554 3974 9298 5087 1123 9159 0 9234 9629 3137 3865 3106 9178 2330 3427 4911 2594 5400 2249 1608 4749 9601 9837 2930 9121 21 0 5036 6787 2746 7084 0 3350 0 9576 8553 2194 8272 0 2795 0 372 2389 5995 5349 5166 0 1637 9269 3912 1561 7866 0 0 8503 7944 5202 4201 6617 0 6636 9030 
9576
7866
89 7866
31 6046
26 5696
72 9576
44 0
73 652
90 4937
85 1637
51 2330
25 4676
82 6952
89 7866
31 6046
26 5696
72 9576
44 0
73 652
90 4937
85 1637
51 2330
4937
1528
6952
ERROR: Unknown instruction
7360
4749
5639 2430 9810 3664 1982 7788 9684 3651 0 8750 7209 1841 7360 2188 2435 7778 0 8264 5611 4405 0 8247 4625 6496 984 4676 8218 7802 8929 8640 0 1600 2664 5832 0 0 6147 8388 2554 3974 9298 5087 8818 9159 0 9234 9629 3137 3865 3106 9178 2330 3427 4911 2594 5400 2249 1608 4749 9601 9837 2930 9121 21 0 5036 6787 2746 7084 0 3350 0 9576 652 2194 9846 0 2795 0 372 2389 5995 5349 5166 0 1637 9269 3912 1561 7866 0 0 8503 7944 5202 4201 6617 0 6636 9030 
8478
2435
ERROR: Too many operands
7360
ERROR: Unknown instruction
ERROR: Unknown instruction
2594
1841
6636
5639 2430 9810 3664 1982 7788 9684 3651 0 8750 7209 1841 7360 2188 2435 7778 0 8264 5611 4405 0 8247 4625 6496 984 4676 5696 7802 8929 8640 0 6046 2664 5832 0 0 6147 8388 2554 3974 9298 5087 8818 9159 0 9234 9629 3137 3865 3106 9178 2330 3427 4911 2594 5400 2249 1608 4749 9601 9837 2930 9121 21 0 5036 6787 2746 7084 0 3350 0 9576 652 2194 9846 0 2795 0 372 2389 5995 5349 1528 0 1637 9269 3912 1561 7866 4937 0 8503 7944 5202 4201 6617 0 6636 9030 
2194
ERROR: Too many operands
74 2194
18 4579
98 6636
11 1841
54 2594
33 8919
12 7360
14 2435
88 8478
58 4749
5639 2430 9810 3664 1982 7788 9684 3651 0 8750 7209 1841 7360 2188 2435 7778 0 8264 5611 4405 0 8247 4625 6496 984 4676 5696 7802 8929 8640 0 6046 2664 5832 0 0 6147 8388 2554 3974 9298 5087 8818 9159 0 9234 9629 3137 3865 3106 9178 2330 3427 4911 2594 5400 2249 1608 4749 9601 9837 2930 9121 21 0 5036 6787 2746 7084 0 3350 0 9576 652 2194 9846 0 2795 0 372 2389 5995 6952 1528 0 1637 9269 3912 1561 7866 4937 0 8503 7944 5202 4201 6617 0 6636 9030 
5639 2430 9810 3664 1982 7788 9684 3651 0 8750 7209 1841 7360 2188 2435 7778 0 8264 5611 4405 0 8247 4625 6496 984 4676 5696 7802 8929 8640 0 6046 2664 5832 0 0 6147 8388 2554 3974 9298 5087 8818 9159 0 9234 9629 3137 3865 3106 9178 2330 3427 4911 2594 5400 2249 1608 4749 9601 9837 2930 9121 21 0 5036 6787 2746 7084 0 3350 0 9576 652 2194 9846 0 2795 0 372 2389 5995 6952 1528 0 1637 9269 3912 1561 7866 4937 0 8503 7944 5202 4201 6617 0 6636 9030 
5639 2430 9810 3664 1982 7788 9684 3651 0 8750 7209 1841 7360 2188 2435 7778 0 8264 5611 4405 0 8247 4625 6496 984 4676 5696 7802 8929 8640 0 6046 2664 5832 0 0 6147 8388 2554 3974 9298 5087 8818 9159 0 9234 9629 3137 3865 3106 9178 2330 3427 4911 2594 5400 2249 1608 4749 9601 9837 2930 9121 21 0 5036 6787 2746 7084 0 3350 0 9576 652 2194 9846 0 2795 0 372 2389 5995 6952 1528 0 1637 9269 3912 1561 7866 4937 0 8503 7944 5202 4201 6617 0 6636 9030 
5202
80 9075
94 5202
74 2194
18 4579
98 6636
11 1841
54 2594
33 8919
12 7360
14 2435
ERROR: Unknown instruction
ERROR: Unknown instruction
37 3591
6 6627
80 9075
94 5202
74 2194
18 4579
98 6636
11 1841
54 2594
33 8919
5639 2430 9810 3664 1982 7788 9684 3651 0 8750 7209 1841 7360 2188 2435 7778 0 8264 5611 4405 0 8247 4625 6496 984 4676 5696 7802 8929 8640 0 6046 2664 5832 0 0 6147 8388 2554 3974 9298 5087 8818 9159 0 9234 9629 3137 3865 3106 9178 2330 3427 4911 2594 5400 2249 1608 4749 9601 9837 2930 9121 21 0 5036 6787 2746 7084 0 3350 0 9576 652 2194 9846 0 2795 0 372 2389 5995 6952 1528 0 1637 9269 3912 8478 7866 4937 0 8503 7944 5202 4201 6617 0 6636 9030 
3350
8818
ERROR: Too many operands
ERROR: Unknown instruction
5036
65 5036
42 8818
70 3350
52 8415
37 3591
6 6627
80 9075
94 5202
74 2194
18 4579
9234
ERROR: Unknown instruction
3912
8494
5639 2430 9810 3664 1982 7788 6627 3651 0 8750 7209 1841 7360 2188 2435 7778 0 8264 4579 4405 0 8247 4625 6496 984 4676 5696 7802 8929 8640 0 6046 2664 8919 0 0 6147 8388 2554 3974 9298 5087 8818 9159 0 9234 9629 3137 3865 3106 9178 2330 3427 4911 2594 5400 2249 1608 4749 9601 9837 2930 9121 21 0 5036 6787 2746 7084 0 3350 0 9576 652 2194 9846 0 2795 0 372 9075 5995 6952 1528 0 1637 9269 3912 8478 7866 4937 0 8503 7944 5202 4201 6617 0 6636 9030 
652
8264
5087
5639 2430 9810 3664 1982 7788 6627 3651 0 8750 7209 1841 7360 2188 2435 7778 0 8264 4579 4405 0 8247 4625 6496 984 4676 5696 7802 8929 8640 0 6046 2664 8919 0 0 6147 3591 2554 3974 9298 5087 8818 9159 0 9234 9629 3137 3865 3106 9178 2330 8415 4911 2594 5400 2249 1608 4749 9601 9837 2930 9121 21 0 5036 6787 2746 7084 0 3350 0 9576 652 2194 9846 0 2795 0 372 9075 5995 6952 1528 0 1637 9269 3912 8478 7866 4937 0 8503 7944 5202 4201 6617 0 6636 9030 
ERROR: Unknown instruction
ERROR: Unknown instruction
3591
1637
9159
7414
5639 2430 9810 3664 1982 7788 6627 3651 0 8750 7209 1841 7360 2188 2435 7778 0 8264 4579 4405 0 8247 4625 6496 984 4676 5696 7651 8929 8640 0 6046 2664 8919 0 0 6147 3591 2554 3974 9298 5087 8818 9159 0 9234 9629 3137 3865 3106 9178 2330 8415 4911 2594 5400 2249 1608 4749 9601 9837 2930 9121 21 0 5036 6787 3237 7084 0 3350 0 9576 652 2194 9846 0 2795 0 372 9075 5995 6952 1528 8494 1637 9269 3912 8478 7866 4937 0 8503 7944 5202 4201 6617 0 6636 9030 
78 519
98 7414
34 4280
43 9159
85 1637
41 9494
37 3591
81 9263
17 8264
73 652
ERROR: Unknown instruction
ERROR: Unknown instruction
9629
5639 2430 9810 3664 1982 7788 6627 3651 0 8750 7209 1841 7360 2188 2435 7778 0 8264 4579 4405 0 8247 4625 6496 984 4676 5696 7651 8929 8640 0 6046 2664 8919 0 0 6147 3591 2554 3974 9298 5087 8818 9159 0 9234 9629 3137 3865 3106 9178 2330 8415 4911 2594 5400 2249 1608 4749 9601 9837 2930 9121 21 0 5036 6787 3237 7084 0 3350 0 9576 652 2194 9846 0 2795 0 372 9075 9263 6952 1528 8494 1637 9269 6119 8478 7866 4937 0 8503 7944 5202 4201 6617 0 6636 9030 
2664
8478
3651
8494
10 4037
74 7093
84 8494
7 3651
83 6303
88 8478
32 2664
0 3561
46 9629
31 5860
7093
ERROR: Too many operands
2930
7093
5696
9269
0
3253
0
2435
3561 2430 9810 3664 1982 7788 6627 3651 0 8750 7209 1841 7360 2188 2435 7778 0 8264 4579 4405 0 8247 4625 6496 984 4676 5696 7651 8929 8640 0 5860 2664 8919 4280 0 6147 3591 2554 3974 9298 9494 8818 9159 0 9234 9629 3137 3865 3106 9178 2330 8415 4911 2594 5400 2249 1608 4749 9601 9837 2930 9121 21 0 5036 6787 3237 7084 0 3350 0 9576 652 2194 9846 0 2795 519 372 9075 9263 6952 1528 8494 1637 9269 6119 8478 7866 4937 0 8503 7944 5202 4201 6617 0 7414 9030 
ERROR: Too many operands
5400
2435
ERROR: Unknown instruction
3561 2430 9810 3664 1982 7788 6627 3651 0 8750 7209 1841 7360 2188 2435 7778 0 8264 4579 4405 0 8247 4625 6496 984 4676 5696 7651 8929 8640 0 5860 2664 8919 4280 0 6147 3591 2554 3974 9298 9494 8818 9159 0 9234 9629 3137 3865 3106 9178 2330 8415 4911 2594 5400 2249 1608 4749 9601 9837 2930 9121 21 0 5036 6787 3237 7084 0 3350 0 9576 652 2194 9846 0 2795 519 372 9075 9263 6952 6303 8494 1637 9269 6119 8478 7866 4937 0 8503 7944 5202 4201 6617 0 7414 9030 
26 891
30 5292
13 1969
51 9780
14 2435
55 5400
69 0
74 3253
86 9269
61 2930
891
8929
7866
9780
3237
19 6364
67 3237
51 9780
89 7866
66 416
61 3880
28 8929
26 891
30 5292
13 1969
3880
3865
6303
2594
ERROR: Address out of bound
ERROR: Address out of bound
3561 2430 9810 3664 1982 7788 6627 3651 0 8750 4037 1841 7360 1969 2435 7778 0 8264 4579 4405 0 8247 4625 6496 984 4676 891 7651 8929 8640 5292 5860 2664 8919 4280 0 6147 3591 2554 3974 9298 9494 8818 9159 0 9234 9629 3137 3865 3106 9178 9780 8415 4911 2594 5400 2249 1608 4749 9601 9837 2930 9121 21 0 5036 416 3237 7084 0 3350 0 9576 652 3253 9846 0 2795 519 372 9075 9263 6952 6303 8494 1637 9269 6119 8478 7866 4937 0 8503 7944 5202 4201 6617 0 7414 9030 
ERROR: Unknown instruction
1637
85 1637
35 7022
94 8963
79 5405
56 552
54 2594
83 6303
24 7868
48 3865
61 3880
ERROR: Too many operands
4749
9837
9121
ERROR: Unknown instruction
1488
3561 2430 9810 3664 1982 7788 6627 3651 0 8750 4037 1841 7360 1969 2435 7778 0 8264 4579 6364 0 8247 4625 6496 7868 4676 891 7651 8929 8640 5292 5860 2664 8919 4280 0 6147 3591 2554 3974 9298 9494 8818 9159 0 9234 9629 3137 3865 3106 9178 9780 8415 4911 2594 5400 2249 1608 4749 9601 9837 3880 9121 21 0 5036 416 3237 7084 0 3350 0 9576 652 3253 9846 0 2795 519 372 9075 9263 6952 6303 8494 1637 9269 6119 8478 8687 4937 0 8503 7944 5202 4201 6617 0 7414 9030 
3561 2430 9810 3664 1982 7788 6627 3651 0 8750 4037 1841 7360 1969 2435 7778 0 8264 4579 6364 0 8247 4625 6496 7868 4676 891 7651 8929 8640 5292 5860 2664 8919 4280 0 6147 3591 2554 3974 9298 9494 8818 9159 0 9234 9629 3137 3865 3106 9178 9780 8415 4911 2594 5400 2249 1608 4749 9601 9837 3880 9121 21 0 5036 416 3237 7084 0 3350 0 9576 652 3253 9846 0 2795 519 372 9075 9263 6952 6303 8494 1637 9269 6119 8478 8687 4937 0 8503 7944 5202 4201 6617 0 7414 9030 
49 6673
66 165
62 1488
60 9837
58 4749
85 1637
35 7022
94 8963
79 5405
56 552
1982
ERROR: Address out of bound
3561 2430 9810 3664 1982 7788 6627 3651 0 8750 4037 1841 7360 1969 2435 7778 0 8264 4579 6364 0 8247 4625 6496 7868 4676 891 7651 8929 8640 5292 5860 2664 8919 4280 0 6147 3591 2554 3974 9298 9494 8818 9159 0 9234 9629 3137 3865 3106 9178 9780 8415 4911 2594 5400 552 1608 4749 9601 9837 3880 9121 21 0 5036 416 3237 7084 0 3350 0 9576 652 3253 9846 0 2795 519 5405 9075 9263 6952 6303 8494 1637 9269 6119 8478 8687 4937 0 8503 7944 8963 4201 6617 0 7414 9030 
5860
3561 2430 9810 3664 1982 7788 6627 3651 0 8750 4037 1841 7360 1969 2435 7778 0 8264 4579 6364 0 8247 4625 6496 7868 4676 891 7651 8929 8640 5292 5860 2664 8919 4280 7022 6147 3591 2554 3974 9298 9494 8818 9159 0 9234 9629 3137 3865 3106 9178 9780 8415 4911 2594 5400 552 1608 4749 9601 9837 3880 9121 21 0 5036 416 3237 7084 0 3350 0 9576 652 3253 9846 0 2795 519 5405 9075 9263 6952 6303 8494 1637 9269 6119 8478 8687 4937 0 8503 7944 8963 4201 6617 0 7414 9030 
3664
3561 2430 9810 3664 1982 7788 6627 3651 0 8750 4037 1841 7360 1969 2435 7778 0 8264 4579 6364 0 8247 4625 6496 7868 4676 891 7651 8929 8640 5292 5860 2664 8919 4280 7022 6147 3591 2554 3974 9298 9494 8818 9159 0 9234 9629 3137 3865 3106 9178 9780 8415 4911 2594 5400 552 1608 4749 9601 9837 3880 1488 21 0 5036 416 3237 7084 0 3350 0 9576 652 3253 9846 0 2795 519 5405 9075 9263 6952 6303 8494 1637 9269 6119 8478 8687 4937 0 8503 7944 8963 4201 6617 0 7414 9030 
3561 2430 9810 3664 1982 7788 6627 3651 0 8750 4037 1841 7360 1969 2435 7778 0 8264 4579 6364 0 8247 4625 6496 7868 4676 891 7651 8929 8640 5292 5860 2664 8919 4280 7022 6147 3591 2554 3974 9298 9494 8818 9159 0 9234 9629 3137 3865 3106 9178 9780 8415 4911 2594 5400 552 1608 4749 9601 9837 3880 1488 21 0 5036 416 3237 7084 0 3350 0 9576 652 3253 9846 0 2795 519 5405 9075 9263 6952 6303 8494 1637 9269 6119 8478 8687 4937 0 8503 7944 8963 4201 6617 0 7414 9030 
7344
3561 2430 9810 3664 1982 7788 6627 3651 0 8750 4037 1841 7360 1969 2435 7778 0 8264 4579 6364 0 8247 4625 6496 7868 4676 891 7651 8929 8640 5292 5860 2664 8919 4280 7022 6147 3591 2554 3974 9298 9494 8818 9159 0 9234 9629 3137 3865 3106 9178 9780 8415 4911 2594 5400 552 1608 4749 9601 9837 3880 1488 21 0 5036 416 3237 7084 0 3350 0 9576 652 3253 9846 0 2795 519 5405 9075 9263 6952 6303 8494 1637 9269 6119 8478 8687 4937 0 8503 7944 8963 4201 6617 0 7414 9030 
3561 2430 9810 3664 1982 7788 6627 3651 0 8750 4037 1841 7360 1969 2435 7778 0 8264 4579 6364 0 8247 4625 6496 7868 4676 891 7651 8929 8640 5292 5860 2664 8919 4280 7022 6147 3591 2554 3974 9298 9494 8818 9159 0 9234 9629 3137 3865 3106 9178 9780 8415 4911 2594 5400 552 1608 4749 9601 9837 3880 1488 21 0 5036 416 3237 7084 0 3350 0 9576 652 3253 9846 0 2795 519 5405 9075 9263 6952 6303 8494 1637 9269 6119 8478 8687 4937 0 8503 7944 8963 4201 6617 0 7414 9030 
3561 2430 9810 3664 1982 7788 6627 3651 0 8750 4037 1841 7360 1969 2435 7778 0 8264 4579 6364 0 8247 4625 6496 7868 4676 891 7651 8929 8640 5292 5860 2664 8919 4280 7022 6147 3591 2554 3974 9298 9494 8818 9159 0 9234 9629 3137 3865 3106 9178 9780 8415 4911 2594 5400 552 1608 4749 9601 9837 3880 1488 21 0 5036 416 3237 7084 0 3350 0 9576 652 3253 9846 0 2795 519 5405 9075 9263 6952 6303 8494 1637 9269 6119 8478 8687 4937 0 8503 7944 8963 4201 6617 0 7414 9030 
ERROR: Unknown instruction
98 7344
3 3664
11 7462
31 5860
81 76
30 1511
49 4786
39 1498
4 1982
66 165
4749
9576
4037
9234
3561 2430 9810 3664 1982 7788 6627 3651 0 8750 4037 7462 7360 1969 2435 7778 0 8264 4067 6364 0 8247 4625 6496 7868 4676 891 7651 8929 8640 1511 5860 2664 8919 4280 7022 6147 3591 2554 1498 9298 9494 8818 9159 0 9234 9629 3137 3865 4786 9178 9780 8415 4911 2594 5400 552 1608 4749 9601 9837 3880 1488 21 0 5036 165 3237 7084 0 3350 0 9576 652 3253 9846 0 2795 519 5405 9075 9263 6952 6303 8494 1637 9269 6119 8478 8687 4937 0 8503 7944 8963 4201 6617 0 7344 9030 
1 9987
45 9234
14 5101
10 4037
72 2929
16 4518
78 9177
81 5316
58 4749
9 9179
9159
0
9987
ERROR: Unknown instruction
165
5036
9234
5036
65 5036
45 9234
66 7115
33 7391
1 9987
20 0
43 9159
14 5101
10 4037
72 2929
7084
847
ERROR: Address out of bound
ERROR: Unknown instruction
7084
2554
1694
2848
3561 9987 9810 3664 1982 7788 6627 3651 0 9179 4037 7462 7360 1969 5101 7778 4518 8264 4067 6364 0 8247 4625 6496 7868 4676 891 7651 8929 8640 1511 5860 2664 7391 4280 7022 6147 3591 2554 1498 9298 9494 8818 9159 0 9234 9629 3137 3865 4786 9178 9780 8415 4911 2594 5400 552 1608 4749 9601 9837 3880 1488 21 0 5036 7115 3237 7084 0 3350 0 2929 652 3253 9846 0 2795 9177 5405 9075 5316 6952 6303 8494 1637 9269 6119 8478 8687 4937 0 8503 7944 8963 4201 6617 0 7344 9030 
55 5871
92 203
67 2848
88 1694
44 2730
95 3625
38 2554
68 4411
64 847
65 5036
ERROR: Unknown instruction
8963
5871
7115
3561 9987 9810 3664 1982 7788 6627 3651 0 9179 4037 7462 7360 1969 5101 7778 4518 8264 4067 6364 0 8247 4625 6496 7868 4676 891 7651 8929 8640 1511 5860 2664 7391 4280 7022 6147 3591 2554 1498 9298 9494 8818 9159 0 9234 9629 3137 3865 4786 9178 9780 8415 4911 2594 5400 552 1608 4749 9601 9837 3880 1488 21 847 5036 7115 3237 7084 0 3350 0 2929 652 3253 9846 0 2795 9177 5405 9075 5316 6952 6303 8494 1637 9269 6119 8478 8687 4937 0 8503 7944 8963 4201 6617 0 7344 9030 
4911
ERROR: Address out of bound
7778
ERROR: Address out of bound
3561 9987 9810 3664 1982 7788 6627 3651 0 9179 4037 7462 7360 1969 5101 7778 4518 8264 4067 6364 0 8247 4625 6496 7868 4676 891 7651 8929 8640 1511 5860 2664 7391 4280 7022 6147 3591 2554 1498 9298 9494 8818 9159 2730 9234 9629 3137 3865 4786 9178 9780 8415 4911 2594 5400 552 1608 4749 9601 9837 3880 1488 21 847 5036 7115 3237 4411 0 3350 0 2929 652 3253 9846 0 2795 9177 5405 9075 5316 6952 6303 8494 1637 9269 6119 8478 8687 4937 0 8503 7944 8963 3625 6617 0 7344 9030 
3625
21
1694
8247
ERROR: Too many operands
3561 9987 9810 3664 1982 7788 6627 3651 0 9179 4037 7462 7360 1969 5101 7778 4518 8264 4067 6364 0 8247 4625 6496 7868 4676 891 7651 8929 8640 1511 5860 2664 7391 4280 7022 6147 3591 2554 1498 9298 9494 8818 9159 2730 9234 9629 3137 3865 4786 9178 9780 8415 4911 2594 5871 552 1608 4749 9601 9837 3880 1488 21 847 5036 7115 2848 4411 0 3350 0 2929 652 3253 9846 0 2795 9177 5405 9075 5316 6952 6303 8494 1637 9269 6119 1694 8687 4937 0 203 7944 8963 3625 6617 0 7344 9030 
ERROR: Address out of bound
9494
0
8 0
26 1135
41 9494
4 2564
64 469
21 8247
88 1694
63 21
95 3625
25 4585
1969
2966
73 2966
13 1969
8 0
26 1135
41 9494
4 2564
64 469
21 8247
88 1694
63 21
9780
ERROR: Too many operands
3561 9987 9810 3664 1982 7788 6627 3651 0 9179 4037 7462 7360 1969 5101 7778 4518 8264 4067 6364 0 8247 4625 6496 7868 4585 891 7651 8929 8640 1511 5860 2664 7391 4280 7022 6147 3591 2554 1498 9298 9494 8818 9159 2730 9234 9629 3137 3865 4786 9178 9780 8415 4911 2594 5871 552 1608 4749 9601 9837 3880 1488 21 847 5036 7115 2848 4411 0 3350 0 2929 2966 3253 9846 0 2795 9177 5405 9075 5316 6952 6303 8494 1637 9269 6119 1694 8687 4937 0 203 7944 8963 3625 6617 0 7344 9030 
51 9780
73 2966
13 1969
8 0
26 1135
41 9494
4 2564
64 469
21 8247
88 1694
6147
6147
0
3561 9987 9810 3664 1982 7788 6627 3651 0 9179 4037 7462 7360 1969 5101 7778 4518 8264 4067 6364 0 8247 4625 6496 7868 4585 891 7651 8929 8640 1511 5860 2664 7391 4280 7022 6147 3591 2554 1498 9298 9494 8818 9159 2730 9234 9629 3137 3865 4786 9178 9780 8415 4911 2594 5871 552 1608 4749 9601 9837 3880 1488 21 847 5036 7115 2848 4411 0 3350 0 2929 2966 3253 9846 0 2795 9177 5405 9075 5316 6952 6303 8494 1637 9269 6119 1694 8687 4937 0 203 7944 8963 3625 6617 0 7344 9030 
6147
3561 9987 9810 3664 1982 7788 6627 3651 0 9179 4037 7462 7360 1969 5101 7778 4518 8264 4067 6364 0 8247 4625 6496 7868 4585 891 7651 8929 8640 1511 5860 2664 7391 4280 7022 6147 3591 2554 1498 9298 9494 8818 9159 2730 9234 9629 3137 3865 4786 9178 9780 8415 4911 2594 5871 552 1608 4749 9601 9837 3880 1488 21 847 5036 7115 2848 4411 0 3350 0 2929 2966 3253 9846 0 2795 9177 5405 9075 5316 6952 6303 8494 1637 9269 6119 1694 8687 4937 0 203 7944 8963 3625 6617 0 7344 9030 
7360
8494
ERROR: Unknown instruction
0
8 0
84 8494
12 7360
36 6147
91 0
51 9780
73 2966
13 1969
26 1135
41 9494
ERROR: Unknown instruction
ERROR: Too many operands
99 2888
88 7656
8 0
84 8494
12 7360
36 6147
91 0
51 9780
73 2966
13 1969
2888
1135
8264
7788
ERROR: Unknown instruction
8415
8687
3651
7360
12 7360
7 3651
89 8687
94 5243
52 8415
5 7788
17 8264
26 1135
99 2888
88 7656
4067
3561 9987 9810 3664 2564 7788 6627 3651 0 9179 4037 7462 7360 1969 5101 7778 4518 8264 4067 6364 0 8247 4625 6496 7868 4585 1135 7651 8929 8640 1511 5860 2664 7391 4280 7022 6147 3591 2554 1498 9298 9494 8818 9159 2730 9234 9629 3137 3865 4786 9178 9780 8415 4911 2594 5871 552 1608 4749 9601 9837 3880 1488 21 469 5036 7115 2848 4411 0 3350 0 2929 2966 3253 9846 0 2795 9177 5405 9075 5316 6952 6303 8494 1637 9269 6119 7656 8687 4937 0 203 7944 8963 3625 6617 0 7344 9030 
7462
4067
8687
5862
9159
95 497
43 9159
9 5862
89 8687
18 4067
11 7462
13 3320
12 7360
7 3651
94 5243
1637
85 1637
95 497
43 9159
9 5862
89 8687
18 4067
11 7462
13 3320
12 7360
7 3651
ERROR: Unknown instruction
3561
4280
7778
3880
3561 9987 9810 3664 2564 7788 6627 3651 0 9179 4037 7462 7360 3320 5101 7778 4518 8264 4067 6364 0 8247 4625 6496 7868 4585 1135 7651 8929 8640 1511 5860 2664 7391 4280 7022 6147 3591 2554 1498 9298 9494 8818 9159 2730 9234 9629 3137 3865 4786 9178 9780 8415 4911 2594 5871 552 1608 4749 9601 9837 3880 1488 21 469 5036 7115 2848 4411 0 3350 0 2929 2966 3253 9846 0 2795 9177 5405 9075 5316 6952 6303 8494 1637 9269 6119 7656 8687 4937 0 203 7944 5243 3625 6617 0 7344 2888 
ERROR: Address out of bound
9426
1099
5871
3561 9987 9810 3664 2564 7788 6627 3651 0 5862 4037 7462 7360 3320 5101 7778 4518 8264 4067 6364 0 8247 4625 6496 1830 4585 1135 7651 8929 8640 1511 5860 2664 7391 4280 7022 6147 3591 2554 1498 9298 9494 8818 9159 2730 2507 9629 3137 3865 4786 9178 9780 8415 4911 2594 5871 552 1608 4749 9601 9837 3880 1488 21 469 5036 7115 2848 4411 0 3350 0 2929 2966 3253 9846 0 2795 9177 5405 9075 5316 6952 6303 8494 1637 9269 6119 7656 8687 4937 0 203 7944 5243 497 6617 0 7344 2888 
ERROR: Unknown instruction
3561 9987 9810 3664 2564 7788 6627 3651 0 5862 4037 7462 7360 3320 5101 7778 4518 8264 4067 6364 0 8247 4625 6496 1830 4585 1135 7651 8929 8640 1511 5860 2664 7391 4280 7022 6147 3591 2554 1498 9298 9494 8818 9159 2730 2507 9629 3137 3865 4786 9178 9780 8415 4911 2594 5871 552 1608 4749 9601 9837 3880 1488 21 469 5036 7115 2848 4411 0 3350 0 2929 2966 3253 9846 0 2795 9177 5405 9075 5316 6952 6303 8494 1637 9269 6119 7656 8687 4937 0 203 7944 5243 497 6617 0 7344 2888 
3561 9987 9810 3664 2564 7788 6627 3651 0 5862 4037 7462 7360 3320 5101 7778 4518 8264 4067 6364 0 8247 4625 6496 1830 4585 1135 7651 8929 8640 1511 5860 2664 7391 4280 7022 6147 3591 2554 1498 9298 9494 8818 9159 2730 2507 9629 3137 3865 4786 9178 9780 8415 4911 2594 5871 552 1608 4749 9601 9837 3880 1488 21 469 5036 7115 2848 4411 0 3350 0 2929 2966 3253 9846 0 2795 9177 5405 9075 5316 6952 6303 8494 1637 9269 6119 7656 8687 4937 0 203 7944 5243 497 6617 0 7344 2888 
ERROR: Address out of bound
ERROR: Unknown instruction
1637
5036
4786
0
3561 9987 9810 3664 2564 7788 6627 3651 0 5862 4037 7462 7360 3320 5101 7778 4518 8264 3030 6364 0 8247 4625 7540 1830 4585 1135 7651 8929 8640 1511 5860 2664 7391 4280 7022 6147 3591 2554 1498 9298 3127 8818 9159 2730 2507 9629 3137 3865 4786 9178 9780 8415 4911 2594 5871 552 1608 4749 5350 9837 3880 1488 21 469 5036 7115 2848 4411 0 1099 0 2929 2966 3253 9846 0 2795 9177 5405 9075 5316 6952 6303 8494 1637 9269 6119 7656 8687 4937 0 203 7944 5243 497 6617 0 7344 2888 
3561 9987 9810 3664 2564 7788 6627 3651 0 5862 4037 7462 7360 3320 5101 7778 4518 8264 3030 6364 0 8247 4625 7540 1830 4585 1135 7651 8929 8640 1511 5860 2664 7391 4280 7022 6147 3591 2554 1498 9298 3127 8818 9159 2730 2507 9629 3137 3865 4786 9178 9780 8415 4911 2594 5871 552 1608 4749 5350 9837 3880 1488 21 469 5036 7115 2848 4411 0 1099 0 2929 2966 3253 9846 0 2795 9177 5405 9075 5316 6952 6303 8494 1637 9269 6119 7656 8687 4937 0 203 7944 5243 497 6617 0 7344 2888 
3561 9987 9810 3664 2564 7788 6627 3651 0 5862 4037 7462 7360 3320 5101 7778 4518 8264 3030 6364 0 8247 4625 7540 1830 4585 1135 7651 8929 8640 1511 5860 2664 7391 4280 7022 6147 3591 2554 1498 9298 3127 8818 9159 2730 2507 9629 3137 3865 4786 9178 9780 8415 4911 2594 5871 552 1608 4749 5350 9837 3880 1488 21 469 5036 7115 2848 4411 0 1099 0 2929 2966 3253 9846 0 2795 9177 5405 9075 5316 6952 6303 8494 1637 9269 6119 7656 8687 4937 0 203 7944 5243 497 6617 0 7344 2888 
ERROR: Unknown instruction
5036
3561 9987 9810 3664 2564 7788 6627 3651 0 5862 4037 7462 7360 3320 5101 7778 4518 8264 3030 6364 0 8247 4625 7540 1830 4585 1135 7651 8929 8640 1511 5860 2664 7391 4280 7022 6147 3591 2554 1498 9298 3127 8818 9159 2730 2507 9629 3137 3865 4786 9178 9780 8415 4911 2594 5871 552 1608 4749 5350 9837 3880 1488 21 469 5036 7115 2848 4411 0 1099 0 2929 2966 3253 9846 0 2795 9177 5405 9075 5316 6952 6303 8494 1637 9269 6119 7656 8687 4937 0 203 7944 5243 497 6617 0 7344 2888 
3253
74 3253
65 5036
76 0
49 4786
54 9757
85 1637
51 7504
92 1598
24 100
83 4976
0
0
2243
3489
3561 9987 9810 3664 2564 7788 6627 3651 0 5862 4037 7462 7360 3320 5101 7778 4518 8264 3030 6364 0 8247 4625 7540 100 4585 1135 7651 8929 8640 1511 5860 2664 7391 4280 7022 6147 3591 2554 1498 9298 3127 8818 9159 2730 2507 9629 3137 3865 4786 9178 9780 8415 4911 2594 5871 552 1608 4749 5350 9837 3880 1488 21 469 5036 7115 2848 4411 0 1099 0 2929 2966 3253 9846 0 2795 9177 5405 9075 5316 6952 4976 8494 1637 9269 6119 7656 8687 4937 0 1598 7944 5243 497 6617 0 7344 2888 
86 3489
65 7787
97 2243
78 460
74 3253
76 0
49 4786
54 9757
85 1637
51 7504
3561 9987 9810 3664 2564 7788 6627 3651 0 5862 4037 7462 7360 3320 5101 7778 4518 8264 3030 6364 0 8247 4625 7540 100 4585 1135 7651 8929 8640 1511 5860 2664 7391 4280 7022 6147 3591 2554 1498 9298 3127 8818 9159 2730 2507 9629 3137 3865 4786 9178 9780 8415 4911 2594 5871 552 1608 4749 5350 9837 3880 1488 21 469 5036 7115 2848 4411 0 1099 0 2929 2966 3253 9846 0 2795 9177 5405 9075 5316 6952 4976 8494 1637 9269 6119 7656 8687 4937 0 1598 7944 5243 497 6617 0 7344 2888 
